21:44:29 **** Build of configuration Debug for project ADC ****
make -j4 all 
arm-none-eabi-gcc "../Src/main.c" -mcpu=cortex-m4 -std=gnu11 -g3 -DDEBUG -DARM_MATH_CM4 -DSTM32F4XX -DSTM32 -DSTM32F401RETx -DSTM32F4 -c -I../Inc -I"D:/STM32/STM32_SourceCode/Register Programming/Common_Lib" -O0 -ffunction-sections -fdata-sections -Wall -v -fstack-usage -MMD -MP -MF"Src/main.d" -MT"Src/main.o" --specs=nano.specs -mfpu=fpv4-sp-d16 -mfloat-abi=hard -mthumb -o "Src/main.o"
arm-none-eabi-gcc "../Src/syscalls.c" -mcpu=cortex-m4 -std=gnu11 -g3 -DDEBUG -DARM_MATH_CM4 -DSTM32F4XX -DSTM32 -DSTM32F401RETx -DSTM32F4 -c -I../Inc -I"D:/STM32/STM32_SourceCode/Register Programming/Common_Lib" -O0 -ffunction-sections -fdata-sections -Wall -v -fstack-usage -MMD -MP -MF"Src/syscalls.d" -MT"Src/syscalls.o" --specs=nano.specs -mfpu=fpv4-sp-d16 -mfloat-abi=hard -mthumb -o "Src/syscalls.o"
arm-none-eabi-gcc "../Src/sysmem.c" -mcpu=cortex-m4 -std=gnu11 -g3 -DDEBUG -DARM_MATH_CM4 -DSTM32F4XX -DSTM32 -DSTM32F401RETx -DSTM32F4 -c -I../Inc -I"D:/STM32/STM32_SourceCode/Register Programming/Common_Lib" -O0 -ffunction-sections -fdata-sections -Wall -v -fstack-usage -MMD -MP -MF"Src/sysmem.d" -MT"Src/sysmem.o" --specs=nano.specs -mfpu=fpv4-sp-d16 -mfloat-abi=hard -mthumb -o "Src/sysmem.o"
arm-none-eabi-gcc "D:/STM32/STM32_SourceCode/Register Programming/Common_Lib/DelayTimer.c" -mcpu=cortex-m4 -std=gnu11 -g3 -DDEBUG -DARM_MATH_CM4 -DSTM32F4XX -DSTM32 -DSTM32F401RETx -DSTM32F4 -c -I../Inc -I"D:/STM32/STM32_SourceCode/Register Programming/Common_Lib" -O0 -ffunction-sections -fdata-sections -Wall -v -fstack-usage -MMD -MP -MF"Common_Lib/DelayTimer.d" -MT"Common_Lib/DelayTimer.o" --specs=nano.specs -mfpu=fpv4-sp-d16 -mfloat-abi=hard -mthumb -o "Common_Lib/DelayTimer.o"
Using built-in specs.
Reading specs from c:/st/stm32cubeide_1.6.1/stm32cubeide/plugins/com.st.stm32cube.ide.mcu.externaltools.gnu-tools-for-stm32.9-2020-q2-update.win32_1.5.0.202011040924/tools/bin/../lib/gcc/arm-none-eabi/9.3.1/../../../../arm-none-eabi/lib/nano.specs
rename spec link to nano_link
rename spec link_gcc_c_sequence to nano_link_gcc_c_sequence
rename spec cpp_unique_options to nano_cpp_unique_options
COLLECT_GCC=arm-none-eabi-gcc
Target: arm-none-eabi
Configured with: /build/gnu-tools-for-stm32_9-2020-q2-update.20201001-1621/src/gcc/configure --build=x86_64-linux-gnu --host=x86_64-w64-mingw32 --target=arm-none-eabi --prefix=/build/gnu-tools-for-stm32_9-2020-q2-update.20201001-1621/install-mingw --libexecdir=/build/gnu-tools-for-stm32_9-2020-q2-update.20201001-1621/install-mingw/lib --infodir=/build/gnu-tools-for-stm32_9-2020-q2-update.20201001-1621/install-mingw/share/doc/gcc-arm-none-eabi/info --mandir=/build/gnu-tools-for-stm32_9-2020-q2-update.20201001-1621/install-mingw/share/doc/gcc-arm-none-eabi/man --htmldir=/build/gnu-tools-for-stm32_9-2020-q2-update.20201001-1621/install-mingw/share/doc/gcc-arm-none-eabi/html --pdfdir=/build/gnu-tools-for-stm32_9-2020-q2-update.20201001-1621/install-mingw/share/doc/gcc-arm-none-eabi/pdf --enable-languages=c,c++ --enable-mingw-wildcard --disable-decimal-float --disable-libffi --disable-libgomp --disable-libmudflap --disable-libquadmath --disable-libssp --disable-libstdcxx-pch --disable-nls --disable-shared --disable-threads --disable-tls --with-gnu-as --with-gnu-ld --with-headers=yes --with-newlib --with-python-dir=share/gcc-arm-none-eabi --with-sysroot=/build/gnu-tools-for-stm32_9-2020-q2-update.20201001-1621/install-mingw/arm-none-eabi --with-libiconv-prefix=/build/gnu-tools-for-stm32_9-2020-q2-update.20201001-1621/build-mingw/host-libs/usr --with-gmp=/build/gnu-tools-for-stm32_9-2020-q2-update.20201001-1621/build-mingw/host-libs/usr --with-mpfr=/build/gnu-tools-for-stm32_9-2020-q2-update.20201001-1621/build-mingw/host-libs/usr --with-mpc=/build/gnu-tools-for-stm32_9-2020-q2-update.20201001-1621/build-mingw/host-libs/usr --with-isl=/build/gnu-tools-for-stm32_9-2020-q2-update.20201001-1621/build-mingw/host-libs/usr --with-libelf=/build/gnu-tools-for-stm32_9-2020-q2-update.20201001-1621/build-mingw/host-libs/usr --with-host-libstdcxx='-static-libgcc -Wl,-Bstatic,-lstdc++,-Bdynamic -lm' --with-pkgversion='GNU Tools for STM32 9-2020-q2-update.20201001-1621' --with-multilib-list=rmprofile,aprofile
Thread model: single
gcc version 9.3.1 20200408 (release) (GNU Tools for STM32 9-2020-q2-update.20201001-1621) 
COLLECT_GCC_OPTIONS='-mcpu=cortex-m4' '-std=gnu11' '-g3' '-D' 'DEBUG' '-D' 'ARM_MATH_CM4' '-D' 'STM32F4XX' '-D' 'STM32' '-D' 'STM32F401RETx' '-D' 'STM32F4' '-c' '-I' '../Inc' '-I' 'D:/STM32/STM32_SourceCode/Register Programming/Common_Lib' '-O0' '-ffunction-sections' '-fdata-sections' '-Wall' '-v' '-fstack-usage' '-MMD' '-MP' '-MF' 'Common_Lib/DelayTimer.d' '-MT' 'Common_Lib/DelayTimer.o' '-specs=nano.specs' '-mfpu=fpv4-sp-d16' '-mfloat-abi=hard' '-mthumb' '-o' 'Common_Lib/DelayTimer.o' '-march=armv7e-m+fp'
 c:/st/stm32cubeide_1.6.1/stm32cubeide/plugins/com.st.stm32cube.ide.mcu.externaltools.gnu-tools-for-stm32.9-2020-q2-update.win32_1.5.0.202011040924/tools/bin/../lib/gcc/arm-none-eabi/9.3.1/cc1.exe -isystem =/include/newlib-nano -quiet -v -I ../Inc -I D:/STM32/STM32_SourceCode/Register Programming/Common_Lib -imultilib thumb/v7e-m+fp/hard -iprefix c:\st\stm32cubeide_1.6.1\stm32cubeide\plugins\com.st.stm32cube.ide.mcu.externaltools.gnu-tools-for-stm32.9-2020-q2-update.win32_1.5.0.202011040924\tools\bin\../lib/gcc/arm-none-eabi/9.3.1/ -isysroot c:\st\stm32cubeide_1.6.1\stm32cubeide\plugins\com.st.stm32cube.ide.mcu.externaltools.gnu-tools-for-stm32.9-2020-q2-update.win32_1.5.0.202011040924\tools\bin\../arm-none-eabi -MMD Common_Lib/DelayTimer.d -MF Common_Lib/DelayTimer.d -MP -MT Common_Lib/DelayTimer.o -dD -D__USES_INITFINI__ -D DEBUG -D ARM_MATH_CM4 -D STM32F4XX -D STM32 -D STM32F401RETx -D STM32F4 D:/STM32/STM32_SourceCode/Register Programming/Common_Lib/DelayTimer.c -quiet -dumpbase DelayTimer.c -mcpu=cortex-m4 -mfpu=fpv4-sp-d16 -mfloat-abi=hard -mthumb -march=armv7e-m+fp -auxbase-strip Common_Lib/DelayTimer.o -g3 -O0 -Wall -std=gnu11 -version -ffunction-sections -fdata-sections -fstack-usage -o C:\Users\Admin\AppData\Local\Temp\ccaCdN1F.s
Using built-in specs.
Reading specs from c:/st/stm32cubeide_1.6.1/stm32cubeide/plugins/com.st.stm32cube.ide.mcu.externaltools.gnu-tools-for-stm32.9-2020-q2-update.win32_1.5.0.202011040924/tools/bin/../lib/gcc/arm-none-eabi/9.3.1/../../../../arm-none-eabi/lib/nano.specs
rename spec link to nano_link
rename spec link_gcc_c_sequence to nano_link_gcc_c_sequence
rename spec cpp_unique_options to nano_cpp_unique_options
COLLECT_GCC=arm-none-eabi-gcc
Target: arm-none-eabi
Configured with: /build/gnu-tools-for-stm32_9-2020-q2-update.20201001-1621/src/gcc/configure --build=x86_64-linux-gnu --host=x86_64-w64-mingw32 --target=arm-none-eabi --prefix=/build/gnu-tools-for-stm32_9-2020-q2-update.20201001-1621/install-mingw --libexecdir=/build/gnu-tools-for-stm32_9-2020-q2-update.20201001-1621/install-mingw/lib --infodir=/build/gnu-tools-for-stm32_9-2020-q2-update.20201001-1621/install-mingw/share/doc/gcc-arm-none-eabi/info --mandir=/build/gnu-tools-for-stm32_9-2020-q2-update.20201001-1621/install-mingw/share/doc/gcc-arm-none-eabi/man --htmldir=/build/gnu-tools-for-stm32_9-2020-q2-update.20201001-1621/install-mingw/share/doc/gcc-arm-none-eabi/html --pdfdir=/build/gnu-tools-for-stm32_9-2020-q2-update.20201001-1621/install-mingw/share/doc/gcc-arm-none-eabi/pdf --enable-languages=c,c++ --enable-mingw-wildcard --disable-decimal-float --disable-libffi --disable-libgomp --disable-libmudflap --disable-libquadmath --disable-libssp --disable-libstdcxx-pch --disable-nls --disable-shared --disable-threads --disable-tls --with-gnu-as --with-gnu-ld --with-headers=yes --with-newlib --with-python-dir=share/gcc-arm-none-eabi --with-sysroot=/build/gnu-tools-for-stm32_9-2020-q2-update.20201001-1621/install-mingw/arm-none-eabi --with-libiconv-prefix=/build/gnu-tools-for-stm32_9-2020-q2-update.20201001-1621/build-mingw/host-libs/usr --with-gmp=/build/gnu-tools-for-stm32_9-2020-q2-update.20201001-1621/build-mingw/host-libs/usr --with-mpfr=/build/gnu-tools-for-stm32_9-2020-q2-update.20201001-1621/build-mingw/host-libs/usr --with-mpc=/build/gnu-tools-for-stm32_9-2020-q2-update.20201001-1621/build-mingw/host-libs/usr --with-isl=/build/gnu-tools-for-stm32_9-2020-q2-update.20201001-1621/build-mingw/host-libs/usr --with-libelf=/build/gnu-tools-for-stm32_9-2020-q2-update.20201001-1621/build-mingw/host-libs/usr --with-host-libstdcxx='-static-libgcc -Wl,-Bstatic,-lstdc++,-Bdynamic -lm' --with-pkgversion='GNU Tools for STM32 9-2020-q2-update.20201001-1621' --with-multilib-list=rmprofile,aprofile
Thread model: single
gcc version 9.3.1 20200408 (release) (GNU Tools for STM32 9-2020-q2-update.20201001-1621) 
COLLECT_GCC_OPTIONS='-mcpu=cortex-m4' '-std=gnu11' '-g3' '-D' 'DEBUG' '-D' 'ARM_MATH_CM4' '-D' 'STM32F4XX' '-D' 'STM32' '-D' 'STM32F401RETx' '-D' 'STM32F4' '-c' '-I' '../Inc' '-I' 'D:/STM32/STM32_SourceCode/Register Programming/Common_Lib' '-O0' '-ffunction-sections' '-fdata-sections' '-Wall' '-v' '-fstack-usage' '-MMD' '-MP' '-MF' 'Src/main.d' '-MT' 'Src/main.o' '-specs=nano.specs' '-mfpu=fpv4-sp-d16' '-mfloat-abi=hard' '-mthumb' '-o' 'Src/main.o' '-march=armv7e-m+fp'
 c:/st/stm32cubeide_1.6.1/stm32cubeide/plugins/com.st.stm32cube.ide.mcu.externaltools.gnu-tools-for-stm32.9-2020-q2-update.win32_1.5.0.202011040924/tools/bin/../lib/gcc/arm-none-eabi/9.3.1/cc1.exe -isystem =/include/newlib-nano -quiet -v -I ../Inc -I D:/STM32/STM32_SourceCode/Register Programming/Common_Lib -imultilib thumb/v7e-m+fp/hard -iprefix c:\st\stm32cubeide_1.6.1\stm32cubeide\plugins\com.st.stm32cube.ide.mcu.externaltools.gnu-tools-for-stm32.9-2020-q2-update.win32_1.5.0.202011040924\tools\bin\../lib/gcc/arm-none-eabi/9.3.1/ -isysroot c:\st\stm32cubeide_1.6.1\stm32cubeide\plugins\com.st.stm32cube.ide.mcu.externaltools.gnu-tools-for-stm32.9-2020-q2-update.win32_1.5.0.202011040924\tools\bin\../arm-none-eabi -MMD Src/main.d -MF Src/main.d -MP -MT Src/main.o -dD -D__USES_INITFINI__ -D DEBUG -D ARM_MATH_CM4 -D STM32F4XX -D STM32 -D STM32F401RETx -D STM32F4 ../Src/main.c -quiet -dumpbase main.c -mcpu=cortex-m4 -mfpu=fpv4-sp-d16 -mfloat-abi=hard -mthumb -march=armv7e-m+fp -auxbase-strip Src/main.o -g3Using built-in specs.
Reading specs from c:/st/stm32cubeide_1.6.1/stm32cubeide/plugins/com.st.stm32cube.ide.mcu.externaltools.gnu-tools-for-stm32.9-2020-q2-update.win32_1.5.0.202011040924/tools/bin/../lib/gcc/arm-none-eabi/9.3.1/../../../../arm-none-eabi/lib/nano.specs
rename spec link to nano_link
rename spec link_gcc_c_sequence to nano_link_gcc_c_sequence
rename spec cpp_unique_options to nano_cpp_unique_options
COLLECT_GCC=arm-none-eabi-gcc
Target: arm-none-eabi
Configured with: /build/gnu-tools-for-stm32_9-2020-q2-update.20201001-1621/src/gcc/configure --build=x86_64-linux-gnu --host=x86_64-w64-mingw32 --target=arm-none-eabi --prefix=/build/gnu-tools-for-stm32_9-2020-q2-update.20201001-1621/install-mingw --libexecdir=/build/gnu-tools-for-stm32_9-2020-q2-update.20201001-1621/install-mingw/lib --infodir=/build/gnu-tools-for-stm32_9-2020-q2-update.20201001-1621/install-mingw/share/doc/gcc-arm-none-eabi/info --mandir=/build/gnu-tools-for-stm32_9-2020-q2-update.20201001-1621/install-mingw/share/doc/gcc-arm-none-eabi/man --htmldir=/build/gnu-tools-for-stm32_9-2020-q2-update.20201001-1621/install-mingw/share/doc/gcc-arm-none-eabi/html --pdfdir=/build/gnu-tools-for-stm32_9-2020-q2-update.20201001-1621/install-mingw/share/doc/gcc-arm-none-eabi/pdf --enable-languages=c,c++ --enable-mingw-wildcard --disable-decimal-float --disable-libffi --disable-libgomp --disable-libmudflap --disable-libquadmath --disable-libssp --disable-libstdcxx-pch --disable-nls --disable-shared --disable-threads --disable-tls --with-gnu-as --with-gnu-ld --with-headers=yes --with-newlib --with-python-dir=share/gcc-arm-none-eabi --with-sysroot=/build/gnu-tools-for-stm32_9-2020-q2-update.20201001-1621/install-mingw/arm-none-eabi --with-libiconv-prefix=/build/gnu-tools-for-stm32_9-2020-q2-update.20201001-1621/build-mingw/host-libs/usr --with-gmp=/build/gnu-tools-for-stm32_9-2020-q2-update.20201001-1621/build-mingw/host-libs/usr --with-mpfr=/build/gnu-tools-for-stm32_9-2020-q2-update.20201001-1621/build-mingw/host-libs/usr --with-mpc=/build/gnu-tools-for-stm32_9-2020-q2-update.20201001-1621/build-mingw/host-libs/usr --with-isl=/build/gnu-tools-for-stm32_9-2020-q2-update.20201001-1621/build-mingw/host-libs/usr --with-libelf=/build/gnu-tools-for-stm32_9-2020-q2-update.20201001-1621/build-mingw/host-libs/usr --with-host-libstdcxx='-static-libgcc -Wl,-Bstatic,-lstdc++,-Bdynamic -lm' --with-pkgversion='GNU Tools for STM32 9-2020-q2-update.20201001-1621' --with-multilib-list=rmprofile,aprofile
Thread model: single
gcc version 9.3.1 20200408 (release) (GNU Tools for STM32 9-2020-q2-update.20201001-1621) 
COLLECT_GCC_OPTIONS='-mcpu=cortex-m4' '-std=gnu11' '-g3' '-D' 'DEBUG' '-D' 'ARM_MATH_CM4' '-D' 'STM32F4XX' '-D' 'STM32' '-D' 'STM32F401RETx' '-D' 'STM32F4' '-c' '-I' '../Inc' '-I' 'D:/STM32/STM32_SourceCode/Register Programming/Common_Lib' '-O0' '-ffunction-sections' '-fdata-sections' '-Wall' '-v' '-fstack-usage' '-MMD' '-MP' '-MF' 'Src/sysmem.d' '-MT' 'Src/sysmem.o' '-specs=nano.specs' '-mfpu=fpv4-sp-d16' '-mfloat-abi=hard' '-mthumb' '-o' 'Src/sysmem.o' '-march=armv7e-m+fp'
 c:/st/stm32cubeide_1.6.1/stm32cubeide/plugins/com.st.stm32cube.ide.mcu.externaltools.gnu-tools-for-stm32.9-2020-q2-update.win32_1.5.0.202011040924/tools/bin/../lib/gcc/arm-none-eabi/9.3.1/cc1.exe -isystem =/include/newlib-nano -quiet -v -I ../Inc -I D:/STM32/STM32_SourceCode/Register Programming/Common_Lib -imultilib thumb/v7e-m+fp/hard -iprefix c:\st\stm32cubeide_1.6.1\stm32cubeide\plugins\com.st.stm32cube.ide.mcu.externaltools.gnu-tools-for-stm32.9-2020-q2-update.win32_1.5.0.202011040924\tools\bin\../lib/gcc/arm-none-eabi/9.3.1/ -isysroot c:\st\stm32cubeide_1.6.1\stm32cubeide\plugins\com.st.stm32cube.ide.mcu.externaltools.gnu-tools-for-stm32.9-2020-q2-update.win32_1.5.0.202011040924\tools\bin\../arm-none-eabi -MMD Src/sysmem.d -MF Src/sysmem.d -MP -MT Src/sysmem.o -dD -D__USES_INITFINI__ -D DEBUG -D ARM_MATH_CM4 -D STM32F4XX -D STM32 -D STM32F401RETx -D STM32F4 ../Src/sysmem.c -quiet -dumpbase sysmem.c -mcpu=cortex-m4 -mfpu=fpv4-sp-d16 -mfloat-abi=hard -mthumb -march=armv7e-m+fp -auxbase-stri -O0 -Wall -std=gnu11 -version -ffunction-sections -fdata-sections -fstack-usage -o C:\Users\Admin\AppData\Local\Temp\cco1Sq6F.s
Using built-in specs.
Reading specs from c:/st/stm32cubeide_1.6.1/stm32cubeide/plugins/com.st.stm32cube.ide.mcu.externaltools.gnu-tools-for-stm32.9-2020-q2-update.win32_1.5.0.202011040924/tools/bin/../lib/gcc/arm-none-eabi/9.3.1/../../../../arm-none-eabi/lib/nano.specs
rename spec link to nano_link
rename spec link_gcc_c_sequence to nano_link_gcc_c_sequence
rename spec cpp_unique_options to nano_cpp_unique_options
COLLECT_GCC=arm-none-eabi-gcc
Target: arm-none-eabi
Configured with: /build/gnu-tools-for-stm32_9-2020-q2-update.20201001-1621/src/gcc/configure --build=x86_64-linux-gnu --host=x86_64-w64-mingw32 --target=arm-none-eabi --prefix=/build/gnu-tools-for-stm32_9-2020-q2-update.20201001-1621/install-mingw --libexecdir=/build/gnu-tools-for-stm32_9-2020-q2-update.20201001-1621/install-mingw/lib --infodir=/build/gnu-tools-for-stm32_9-2020-q2-update.20201001-1621/install-mingw/share/doc/gcc-arm-none-eabi/info --mandir=/build/gnu-tools-for-stm32_9-2020-q2-update.20201001-1621/install-mingw/share/doc/gcc-arm-none-eabi/man --htmldir=/build/gnu-tools-for-stm32_9-2020-q2-update.20201001-1621/install-mingw/share/doc/gcc-arm-none-eabi/html --pdfdir=/build/gnu-tools-for-stm32_9-2020-q2-update.20201001-1621/install-mingw/share/doc/gcc-arm-none-eabi/pdf --enable-languages=c,c++ --enable-mingw-wildcard --disable-decimal-float --disable-libffi --disable-libgomp --disable-libmudflap --disable-libquadmath --disable-libssp --disable-libstdcxx-pch --disable-nls --disable-shared --disable-threads --disable-tls --with-gnu-as --with-gnu-ld --with-headers=yes --with-newlib --with-python-dir=share/gcc-arm-none-eabi --with-sysroot=/build/gnu-tools-for-stm32_9-2020-q2-update.20201001-1621/install-mingw/arm-none-eabi --with-libiconv-prefix=/build/gnu-tools-for-stm32_9-2020-q2-update.20201001-1621/build-mingw/host-libs/usr --with-gmp=/build/gnu-tools-for-stm32_9-2020-q2-update.20201001-1621/build-mingw/host-libs/usr --with-mpfr=/build/gnu-tools-for-stm32_9-2020-q2-update.20201001-1621/build-mingw/host-libs/usr --with-mpc=/build/gnu-tools-for-stm32_9-2020-q2-update.20201001-1621/build-mingw/host-libs/usr --with-isl=/build/gnu-tools-for-stm32_9-2020-q2-update.20201001-1621/build-mingw/host-libs/usr --with-libelf=/build/gnu-tools-for-stm32_9-2020-q2-update.20201001-1621/build-mingw/host-libs/usr --with-host-libstdcxx='-static-libgcc -Wl,-Bstatic,-lstdc++,-Bdynamic -lm' --with-pkgversion='GNU Tools for STM32 9-2020-q2-update.20201001-1621' --with-multilib-list=rmprofile,aprofile
Thread model: single
gcc version 9.3.1 20200408 (release) (GNU Tools for STM32 9-2020-q2-update.20201001-1621) 
COLLECT_GCC_OPTIONS='-mcpu=cortex-m4' '-std=gnu11' '-g3' '-D' 'DEBUG' '-D' 'ARM_MATH_CM4' '-D' 'STM32F4XX' '-D' 'STM32' '-D' 'STM32F401RETx' '-D' 'STM32F4' '-c' '-I' '../Inc' '-I' 'D:/STM32/STM32_SourceCode/Register Programming/Common_Lib' '-O0' '-ffunction-sections' '-fdata-sections' '-Wall' '-v' '-fstack-usage' '-MMD' '-MP' '-MF' 'Src/syscalls.d' '-MT' 'Src/syscalls.o' '-specs=nano.specs' '-mfpu=fpv4-sp-d16' '-mfloat-abi=hard' '-mthumb' '-o' 'Src/syscalls.o' '-march=armv7e-m+fp'
 c:/st/stm32cubeide_1.6.1/stm32cubeide/plugins/com.st.stm32cube.ide.mcu.externaltools.gnu-tools-for-stm32.9-2020-q2-update.win32_1.5.0.202011040924/tools/bin/../lib/gcc/arm-none-eabi/9.3.1/cc1.exe -isystem =/include/newlib-nano -quiet -v -I ../Inc -I D:/STM32/STM32_SourceCode/Register Programming/Common_Lib -imultilib thumb/v7e-m+fp/hard -iprefix c:\st\stm32cubeide_1.6.1\stm32cubeide\plugins\com.st.stm32cube.ide.mcu.externaltools.gnu-tools-for-stm32.9-2020-q2-update.win32_1.5.0.202011040924\tools\bin\../lib/gcc/arm-none-eabi/9.3.1/ -isysroot c:\st\stm32cubeide_1.6.1\stm32cubeide\plugins\com.st.stm32cube.ide.mcu.externaltools.gnu-tools-for-stm32.9-2020-q2-update.win32_1.5.0.202011040924\tools\bin\../arm-none-eabi -MMD Src/syscalls.d -MF Src/syscalls.d -MP -MT Src/syscalls.o -dD -D__USES_INITFINI__ -D DEBUG -D ARM_MATH_CM4 -D STM32F4XX -D STM32 -D STM32F401RETx -D STM32F4 ../Src/syscalls.c -quiet -dumpbase syscalls.c -mcpu=cortex-m4 -mfpu=fpv4-sp-d16 -mfloat-abi=hard -mthumb -march=armv7e-m+p Src/sysmem.o -g3 -O0 -Wall -std=gnu11 -version -ffunction-sections -fdata-sections -fstack-usage -o C:\Users\Admin\AppData\Local\Temp\ccCEtOhF.s
fp -auxbase-strip Src/syscalls.o -g3 -O0 -Wall -std=gnu11 -version -ffunction-sections -fdata-sections -fstack-usage -o C:\Users\Admin\AppData\Local\Temp\ccEfyprF.s
GNU C11 (GNU Tools for STM32 9-2020-q2-update.20201001-1621) version 9.3.1 20200408 (release) (arm-none-eabi)
	compiled by GNU C version 5.3.1 20160211, GMP version 6.1.0, MPFR version 3.1.4, MPC version 1.0.3, isl version isl-0.18-GMP

GGC heuristics: --param ggc-min-expand=100 --param ggc-min-heapsize=131072
ignoring duplicate directory "c:/st/stm32cubeide_1.6.1/stm32cubeide/plugins/com.st.stm32cube.ide.mcu.externaltools.gnu-tools-for-stm32.9-2020-q2-update.win32_1.5.0.202011040924/tools/lib/gcc/../../lib/gcc/arm-none-eabi/9.3.1/include"
ignoring nonexistent directory "c:\st\stm32cubeide_1.6.1\stm32cubeide\plugins\com.st.stm32cube.ide.mcu.externaltools.gnu-tools-for-stm32.9-2020-q2-update.win32_1.5.0.202011040924\tools\bin\../arm-none-eabi/build/gnu-tools-for-stm32_9-2020-q2-update.20201001-1621/install-mingw/lib/gcc/arm-none-eabi/9.3.1/../../../../include"
ignoring duplicate directory "c:/st/stm32cubeide_1.6.1/stm32cubeide/plugins/com.st.stm32cube.ide.mcu.externaltools.gnu-tools-for-stm32.9-2020-q2-update.win32_1.5.0.202011040924/tools/lib/gcc/../../lib/gcc/arm-none-eabi/9.3.1/include-fixed"
ignoring duplicate directory "c:/st/stm32cubeide_1.6.1/stm32cubeide/plugins/com.st.stm32cube.ide.mcu.externaltools.gnu-tools-for-stm32.9-2020-q2-update.win32_1.5.0.202011040924/tools/lib/gcc/../../lib/gcc/arm-none-eabi/9.3.1/../../../../arm-none-eabi/include"
ignoring nonexistent directory "c:\st\stm32cubeide_1.6.1\stm32cubeide\plugins\com.st.stm32cube.ide.mcu.externaltools.gnu-tools-for-stm32.9-2020-q2-update.win32_1.5.0.202011040924\tools\bin\../arm-none-eabi/usr/include"
#include "..." search starts here:
#include <...> search starts here:
 ../Inc
 D:/STM32/STM32_SourceCode/Register Programming/Common_Lib
 c:\st\stm32cubeide_1.6.1\stm32cubeide\plugins\com.st.stm32cube.ide.mcu.externaltools.gnu-tools-for-stm32.9-2020-q2-update.win32_1.5.0.202011040924\tools\bin\../arm-none-eabi/include/newlib-nano
 c:\st\stm32cubeide_1.6.1\stm32cubeide\plugins\com.st.stm32cube.ide.mcu.externaltools.gnu-tools-for-stm32.9-2020-q2-update.win32_1.5.0.202011040924\tools\bin\../lib/gcc/arm-none-eabi/9.3.1/include
 c:\st\stm32cubeide_1.6.1\stm32cubeide\plugins\com.st.stm32cube.ide.mcu.externaltools.gnu-tools-for-stm32.9-2020-q2-update.win32_1.5.0.202011040924\tools\bin\../lib/gcc/arm-none-eabi/9.3.1/include-fixed
 c:\st\stm32cubeide_1.6.1\stm32cubeide\plugins\com.st.stm32cube.ide.mcu.externaltools.gnu-tools-for-stm32.9-2020-q2-update.win32_1.5.0.202011040924\tools\bin\../lib/gcc/arm-none-eabi/9.3.1/../../../../arm-none-eabi/include
End of search list.
GNU C11 (GNU Tools for STM32 9-2020-q2-update.20201001-1621) version 9.3.1 20200408 (release) (arm-none-eabi)
	compiled by GNU C version 5.3.1 20160211, GMP version 6.1.0, MPFR version 3.1.4, MPC version 1.0.3, isl version isl-0.18-GMP

GGC heuristics: --param ggc-min-expand=100 --param ggc-min-heapsize=131072
Compiler executable checksum: 91a756b62f0ae634da43c58967784a0b
In file included from ../Src/main.c:29:
../Inc/main.h:33:10: fatal error: stm32f4xx.h: No such file or directory
   33 | #include "stm32f4xx.h"
      |          ^~~~~~~~~~~~~
compilation terminated.
make: *** [Src/subdir.mk:25: Src/main.o] Error 1
make: *** Waiting for unfinished jobs....
GNU C11 (GNU Tools for STM32 9-2020-q2-update.20201001-1621) version 9.3.1 20200408 (release) (arm-none-eabi)
	compiled by GNU C version 5.3.1 20160211, GMP version 6.1.0, MPFR version 3.1.4, MPC version 1.0.3, isl version isl-0.18-GMP

GGC heuristics: --param ggc-min-expand=100 --param ggc-min-heapsize=131072
ignoring duplicate directory "c:/st/stm32cubeide_1.6.1/stm32cubeide/plugins/com.st.stm32cube.ide.mcu.externaltools.gnu-tools-for-stm32.9-2020-q2-update.win32_1.5.0.202011040924/tools/lib/gcc/../../lib/gcc/arm-none-eabi/9.3.1/include"
ignoring nonexistent directory "c:\st\stm32cubeide_1.6.1\stm32cubeide\plugins\com.st.stm32cube.ide.mcu.externaltools.gnu-tools-for-stm32.9-2020-q2-update.win32_1.5.0.202011040924\tools\bin\../arm-none-eabi/build/gnu-tools-for-stm32_9-2020-q2-update.20201001-1621/install-mingw/lib/gcc/arm-none-eabi/9.3.1/../../../../include"
ignoring duplicate directory "c:/st/stm32cubeide_1.6.1/stm32cubeide/plugins/com.st.stm32cube.ide.mcu.externaltools.gnu-tools-for-stm32.9-2020-q2-update.win32_1.5.0.202011040924/tools/lib/gcc/../../lib/gcc/arm-none-eabi/9.3.1/include-fixed"
ignoring duplicate directory "c:/st/stm32cubeide_1.6.1/stm32cubeide/plugins/com.st.stm32cube.ide.mcu.externaltools.gnu-tools-for-stm32.9-2020-q2-update.win32_1.5.0.202011040924/tools/lib/gcc/../../lib/gcc/arm-none-eabi/9.3.1/../../../../arm-none-eabi/include"
ignoring nonexistent directory "c:\st\stm32cubeide_1.6.1\stm32cubeide\plugins\com.st.stm32cube.ide.mcu.externaltools.gnu-tools-for-stm32.9-2020-q2-update.win32_1.5.0.202011040924\tools\bin\../arm-none-eabi/usr/include"
#include "..." search starts here:
#include <...> search starts here:
 ../Inc
 D:/STM32/STM32_SourceCode/Register Programming/Common_Lib
 c:\st\stm32cubeide_1.6.1\stm32cubeide\plugins\com.st.stm32cube.ide.mcu.externaltools.gnu-tools-for-stm32.9-2020-q2-update.win32_1.5.0.202011040924\tools\bin\../arm-none-eabi/include/newlib-nano
 c:\st\stm32cubeide_1.6.1\stm32cubeide\plugins\com.st.stm32cube.ide.mcu.externaltools.gnu-tools-for-stm32.9-2020-q2-update.win32_1.5.0.202011040924\tools\bin\../lib/gcc/arm-none-eabi/9.3.1/include
 c:\st\stm32cubeide_1.6.1\stm32cubeide\plugins\com.st.stm32cube.ide.mcu.externaltools.gnu-tools-for-stm32.9-2020-q2-update.win32_1.5.0.202011040924\tools\bin\../lib/gcc/arm-none-eabi/9.3.1/include-fixed
 c:\st\stm32cubeide_1.6.1\stm32cubeide\plugins\com.st.stm32cube.ide.mcu.externaltools.gnu-tools-for-stm32.9-2020-q2-update.win32_1.5.0.202011040924\tools\bin\../lib/gcc/arm-none-eabi/9.3.1/../../../../arm-none-eabi/include
End of search list.
GNU C11 (GNU Tools for STM32 9-2020-q2-update.20201001-1621) version 9.3.1 20200408 (release) (arm-none-eabi)
	compiled by GNU C version 5.3.1 20160211, GMP version 6.1.0, MPFR version 3.1.4, MPC version 1.0.3, isl version isl-0.18-GMP

GGC heuristics: --param ggc-min-expand=100 --param ggc-min-heapsize=131072
Compiler executable checksum: 91a756b62f0ae634da43c58967784a0b
In file included from D:/STM32/STM32_SourceCode/Register Programming/Common_Lib/DelayTimer.c:1:
D:/STM32/STM32_SourceCode/Register Programming/Common_Lib/DelayTimer.h:4:10: fatal error: stm32f4xx.h: No such file or directory
    4 | #include "stm32f4xx.h"                  // Device header
      |          ^~~~~~~~~~~~~
compilation terminated.
make: *** [Common_Lib/subdir.mk:19: Common_Lib/DelayTimer.o] Error 1
GNU C11 (GNU Tools for STM32 9-2020-q2-update.20201001-1621) version 9.3.1 20200408 (release) (arm-none-eabi)
	compiled by GNU C version 5.3.1 20160211, GMP version 6.1.0, MPFR version 3.1.4, MPC version 1.0.3, isl version isl-0.18-GMP

GGC heuristics: --param ggc-min-expand=100 --param ggc-min-heapsize=131072
ignoring duplicate directory "c:/st/stm32cubeide_1.6.1/stm32cubeide/plugins/com.st.stm32cube.ide.mcu.externaltools.gnu-tools-for-stm32.9-2020-q2-update.win32_1.5.0.202011040924/tools/lib/gcc/../../lib/gcc/arm-none-eabi/9.3.1/include"
ignoring nonexistent directory "c:\st\stm32cubeide_1.6.1\stm32cubeide\plugins\com.st.stm32cube.ide.mcu.externaltools.gnu-tools-for-stm32.9-2020-q2-update.win32_1.5.0.202011040924\tools\bin\../arm-none-eabi/build/gnu-tools-for-stm32_9-2020-q2-update.20201001-1621/install-mingw/lib/gcc/arm-none-eabi/9.3.1/../../../../include"
ignoring duplicate directory "c:/st/stm32cubeide_1.6.1/stm32cubeide/plugins/com.st.stm32cube.ide.mcu.externaltools.gnu-tools-for-stm32.9-2020-q2-update.win32_1.5.0.202011040924/tools/lib/gcc/../../lib/gcc/arm-none-eabi/9.3.1/include-fixed"
ignoring duplicate directory "c:/st/stm32cubeide_1.6.1/stm32cubeide/plugins/com.st.stm32cube.ide.mcu.externaltools.gnu-tools-for-stm32.9-2020-q2-update.win32_1.5.0.202011040924/tools/lib/gcc/../../lib/gcc/arm-none-eabi/9.3.1/../../../../arm-none-eabi/include"
ignoring nonexistent directory "c:\st\stm32cubeide_1.6.1\stm32cubeide\plugins\com.st.stm32cube.ide.mcu.externaltools.gnu-tools-for-stm32.9-2020-q2-update.win32_1.5.0.202011040924\tools\bin\../arm-none-eabi/usr/include"
#include "..." search starts here:
#include <...> search starts here:
 ../Inc
 D:/STM32/STM32_SourceCode/Register Programming/Common_Lib
 c:\st\stm32cubeide_1.6.1\stm32cubeide\plugins\com.st.stm32cube.ide.mcu.externaltools.gnu-tools-for-stm32.9-2020-q2-update.win32_1.5.0.202011040924\tools\bin\../arm-none-eabi/include/newlib-nano
 c:\st\stm32cubeide_1.6.1\stm32cubeide\plugins\com.st.stm32cube.ide.mcu.externaltools.gnu-tools-for-stm32.9-2020-q2-update.win32_1.5.0.202011040924\tools\bin\../lib/gcc/arm-none-eabi/9.3.1/include
 c:\st\stm32cubeide_1.6.1\stm32cubeide\plugins\com.st.stm32cube.ide.mcu.externaltools.gnu-tools-for-stm32.9-2020-q2-update.win32_1.5.0.202011040924\tools\bin\../lib/gcc/arm-none-eabi/9.3.1/include-fixed
 c:\st\stm32cubeide_1.6.1\stm32cubeide\plugins\com.st.stm32cube.ide.mcu.externaltools.gnu-tools-for-stm32.9-2020-q2-update.win32_1.5.0.202011040924\tools\bin\../lib/gcc/arm-none-eabi/9.3.1/../../../../arm-none-eabi/include
End of search list.
GNU C11 (GNU Tools for STM32 9-2020-q2-update.20201001-1621) version 9.3.1 20200408 (release) (arm-none-eabi)
	compiled by GNU C version 5.3.1 20160211, GMP version 6.1.0, MPFR version 3.1.4, MPC version 1.0.3, isl version isl-0.18-GMP

GGC heuristics: --param ggc-min-expand=100 --param ggc-min-heapsize=131072
Compiler executable checksum: 91a756b62f0ae634da43c58967784a0b
COLLECT_GCC_OPTIONS='-mcpu=cortex-m4' '-std=gnu11' '-g3' '-D' 'DEBUG' '-D' 'ARM_MATH_CM4' '-D' 'STM32F4XX' '-D' 'STM32' '-D' 'STM32F401RETx' '-D' 'STM32F4' '-c' '-I' '../Inc' '-I' 'D:/STM32/STM32_SourceCode/Register Programming/Common_Lib' '-O0' '-ffunction-sections' '-fdata-sections' '-Wall' '-v' '-fstack-usage' '-MMD' '-MP' '-MF' 'Src/sysmem.d' '-MT' 'Src/sysmem.o' '-specs=nano.specs' '-mfpu=fpv4-sp-d16' '-mfloat-abi=hard' '-mthumb' '-o' 'Src/sysmem.o' '-march=armv7e-m+fp'
 c:/st/stm32cubeide_1.6.1/stm32cubeide/plugins/com.st.stm32cube.ide.mcu.externaltools.gnu-tools-for-stm32.9-2020-q2-update.win32_1.5.0.202011040924/tools/bin/../lib/gcc/arm-none-eabi/9.3.1/../../../../arm-none-eabi/bin/as.exe -v -I ../Inc -I D:/STM32/STM32_SourceCode/Register Programming/Common_Lib -march=armv7e-m -mfloat-abi=hard -mfpu=fpv4-sp-d16 -meabi=5 -o Src/sysmem.o C:\Users\Admin\AppData\Local\Temp\ccCEtOhF.s
GNU C11 (GNU Tools for STM32 9-2020-q2-update.20201001-1621) version 9.3.1 20200408 (release) (arm-none-eabi)
	compiled by GNU C version 5.3.1 20160211, GMP version 6.1.0, MPFR version 3.1.4, MPC version 1.0.3, isl version isl-0.18-GMP

GGC heuristics: --param ggc-min-expand=100 --param ggc-min-heapsize=131072
ignoring duplicate directory "c:/st/stm32cubeide_1.6.1/stm32cubeide/plugins/com.st.stm32cube.ide.mcu.externaltools.gnu-tools-for-stm32.9-2020-q2-update.win32_1.5.0.202011040924/tools/lib/gcc/../../lib/gcc/arm-none-eabi/9.3.1/include"
ignoring nonexistent directory "c:\st\stm32cubeide_1.6.1\stm32cubeide\plugins\com.st.stm32cube.ide.mcu.externaltools.gnu-tools-for-stm32.9-2020-q2-update.win32_1.5.0.202011040924\tools\bin\../arm-none-eabi/build/gnu-tools-for-stm32_9-2020-q2-update.20201001-1621/install-mingw/lib/gcc/arm-none-eabi/9.3.1/../../../../include"
ignoring duplicate directory "c:/st/stm32cubeide_1.6.1/stm32cubeide/plugins/com.st.stm32cube.ide.mcu.externaltools.gnu-tools-for-stm32.9-2020-q2-update.win32_1.5.0.202011040924/tools/lib/gcc/../../lib/gcc/arm-none-eabi/9.3.1/include-fixed"
ignoring duplicate directory "c:/st/stm32cubeide_1.6.1/stm32cubeide/plugins/com.st.stm32cube.ide.mcu.externaltools.gnu-tools-for-stm32.9-2020-q2-update.win32_1.5.0.202011040924/tools/lib/gcc/../../lib/gcc/arm-none-eabi/9.3.1/../../../../arm-none-eabi/include"
ignoring nonexistent directory "c:\st\stm32cubeide_1.6.1\stm32cubeide\plugins\com.st.stm32cube.ide.mcu.externaltools.gnu-tools-for-stm32.9-2020-q2-update.win32_1.5.0.202011040924\tools\bin\../arm-none-eabi/usr/include"
#include "..." search starts here:
#include <...> search starts here:
 ../Inc
 D:/STM32/STM32_SourceCode/Register Programming/Common_Lib
 c:\st\stm32cubeide_1.6.1\stm32cubeide\plugins\com.st.stm32cube.ide.mcu.externaltools.gnu-tools-for-stm32.9-2020-q2-update.win32_1.5.0.202011040924\tools\bin\../arm-none-eabi/include/newlib-nano
 c:\st\stm32cubeide_1.6.1\stm32cubeide\plugins\com.st.stm32cube.ide.mcu.externaltools.gnu-tools-for-stm32.9-2020-q2-update.win32_1.5.0.202011040924\tools\bin\../lib/gcc/arm-none-eabi/9.3.1/include
 c:\st\stm32cubeide_1.6.1\stm32cubeide\plugins\com.st.stm32cube.ide.mcu.externaltools.gnu-tools-for-stm32.9-2020-q2-update.win32_1.5.0.202011040924\tools\bin\../lib/gcc/arm-none-eabi/9.3.1/include-fixed
 c:\st\stm32cubeide_1.6.1\stm32cubeide\plugins\com.st.stm32cube.ide.mcu.externaltools.gnu-tools-for-stm32.9-2020-q2-update.win32_1.5.0.202011040924\tools\bin\../lib/gcc/arm-none-eabi/9.3.1/../../../../arm-none-eabi/include
End of search list.
GNU C11 (GNU Tools for STM32 9-2020-q2-update.20201001-1621) version 9.3.1 20200408 (release) (arm-none-eabi)
	compiled by GNU C version 5.3.1 20160211, GMP version 6.1.0, MPFR version 3.1.4, MPC version 1.0.3, isl version isl-0.18-GMP

GGC heuristics: --param ggc-min-expand=100 --param ggc-min-heapsize=131072
Compiler executable checksum: 91a756b62f0ae634da43c58967784a0b
COLLECT_GCC_OPTIONS='-mcpu=cortex-m4' '-std=gnu11' '-g3' '-D' 'DEBUG' '-D' 'ARM_MATH_CM4' '-D' 'STM32F4XX' '-D' 'STM32' '-D' 'STM32F401RETx' '-D' 'STM32F4' '-c' '-I' '../Inc' '-I' 'D:/STM32/STM32_SourceCode/Register Programming/Common_Lib' '-O0' '-ffunction-sections' '-fdata-sections' '-Wall' '-v' '-fstack-usage' '-MMD' '-MP' '-MF' 'Src/syscalls.d' '-MT' 'Src/syscalls.o' '-specs=nano.specs' '-mfpu=fpv4-sp-d16' '-mfloat-abi=hard' '-mthumb' '-o' 'Src/syscalls.o' '-march=armv7e-m+fp'
 c:/st/stm32cubeide_1.6.1/stm32cubeide/plugins/com.st.stm32cube.ide.mcu.externaltools.gnu-tools-for-stm32.9-2020-q2-update.win32_1.5.0.202011040924/tools/bin/../lib/gcc/arm-none-eabi/9.3.1/../../../../arm-none-eabi/bin/as.exe -v -I ../Inc -I D:/STM32/STM32_SourceCode/Register Programming/Common_Lib -march=armv7e-m -mfloat-abi=hard -mfpu=fpv4-sp-d16 -meabi=5 -o Src/syscalls.o C:\Users\Admin\AppData\Local\Temp\ccEfyprF.s
GNU assembler version 2.34.0 (arm-none-eabi) using BFD version (GNU Tools for STM32 9-2020-q2-update.20201001-1621) 2.34.0.20200428
COMPILER_PATH=c:/st/stm32cubeide_1.6.1/stm32cubeide/plugins/com.st.stm32cube.ide.mcu.externaltools.gnu-tools-for-stm32.9-2020-q2-update.win32_1.5.0.202011040924/tools/bin/../lib/gcc/arm-none-eabi/9.3.1/;c:/st/stm32cubeide_1.6.1/stm32cubeide/plugins/com.st.stm32cube.ide.mcu.externaltools.gnu-tools-for-stm32.9-2020-q2-update.win32_1.5.0.202011040924/tools/bin/../lib/gcc/;c:/st/stm32cubeide_1.6.1/stm32cubeide/plugins/com.st.stm32cube.ide.mcu.externaltools.gnu-tools-for-stm32.9-2020-q2-update.win32_1.5.0.202011040924/tools/bin/../lib/gcc/arm-none-eabi/9.3.1/../../../../arm-none-eabi/bin/
LIBRARY_PATH=c:/st/stm32cubeide_1.6.1/stm32cubeide/plugins/com.st.stm32cube.ide.mcu.externaltools.gnu-tools-for-stm32.9-2020-q2-update.win32_1.5.0.202011040924/tools/bin/../lib/gcc/arm-none-eabi/9.3.1/thumb/v7e-m+fp/hard/;c:/st/stm32cubeide_1.6.1/stm32cubeide/plugins/com.st.stm32cube.ide.mcu.externaltools.gnu-tools-for-stm32.9-2020-q2-update.win32_1.5.0.202011040924/tools/bin/../lib/gcc/arm-none-eabi/9.3.1/../../../../arm-none-eabi/lib/thumb/v7e-m+fp/hard/;c:/st/stm32cubeide_1.6.1/stm32cubeide/plugins/com.st.stm32cube.ide.mcu.externaltools.gnu-tools-for-stm32.9-2020-q2-update.win32_1.5.0.202011040924/tools/bin/../arm-none-eabi/lib/thumb/v7e-m+fp/hard/;c:/st/stm32cubeide_1.6.1/stm32cubeide/plugins/com.st.stm32cube.ide.mcu.externaltools.gnu-tools-for-stm32.9-2020-q2-update.win32_1.5.0.202011040924/tools/bin/../lib/gcc/arm-none-eabi/9.3.1/;c:/st/stm32cubeide_1.6.1/stm32cubeide/plugins/com.st.stm32cube.ide.mcu.externaltools.gnu-tools-for-stm32.9-2020-q2-update.win32_1.5.0.202011040924/tools/bin/../lib/gcc/;c:/st/stm32cubeide_1.6.1/stm32cubeide/plugins/com.st.stm32cube.ide.mcu.externaltools.gnu-tools-for-stm32.9-2020-q2-update.win32_1.5.0.202011040924/tools/bin/../lib/gcc/arm-none-eabi/9.3.1/../../../../arm-none-eabi/lib/;c:/st/stm32cubeide_1.6.1/stm32cubeide/plugins/com.st.stm32cube.ide.mcu.externaltools.gnu-tools-for-stm32.9-2020-q2-update.win32_1.5.0.202011040924/tools/bin/../arm-none-eabi/lib/
COLLECT_GCC_OPTIONS='-mcpu=cortex-m4' '-std=gnu11' '-g3' '-D' 'DEBUG' '-D' 'ARM_MATH_CM4' '-D' 'STM32F4XX' '-D' 'STM32' '-D' 'STM32F401RETx' '-D' 'STM32F4' '-c' '-I' '../Inc' '-I' 'D:/STM32/STM32_SourceCode/Register Programming/Common_Lib' '-O0' '-ffunction-sections' '-fdata-sections' '-Wall' '-v' '-fstack-usage' '-MMD' '-MP' '-MF' 'Src/sysmem.d' '-MT' 'Src/sysmem.o' '-specs=nano.specs' '-mfpu=fpv4-sp-d16' '-mfloat-abi=hard' '-mthumb' '-o' 'Src/sysmem.o' '-march=armv7e-m+fp'
GNU assembler version 2.34.0 (arm-none-eabi) using BFD version (GNU Tools for STM32 9-2020-q2-update.20201001-1621) 2.34.0.20200428
COMPILER_PATH=c:/st/stm32cubeide_1.6.1/stm32cubeide/plugins/com.st.stm32cube.ide.mcu.externaltools.gnu-tools-for-stm32.9-2020-q2-update.win32_1.5.0.202011040924/tools/bin/../lib/gcc/arm-none-eabi/9.3.1/;c:/st/stm32cubeide_1.6.1/stm32cubeide/plugins/com.st.stm32cube.ide.mcu.externaltools.gnu-tools-for-stm32.9-2020-q2-update.win32_1.5.0.202011040924/tools/bin/../lib/gcc/;c:/st/stm32cubeide_1.6.1/stm32cubeide/plugins/com.st.stm32cube.ide.mcu.externaltools.gnu-tools-for-stm32.9-2020-q2-update.win32_1.5.0.202011040924/tools/bin/../lib/gcc/arm-none-eabi/9.3.1/../../../../arm-none-eabi/bin/
LIBRARY_PATH=c:/st/stm32cubeide_1.6.1/stm32cubeide/plugins/com.st.stm32cube.ide.mcu.externaltools.gnu-tools-for-stm32.9-2020-q2-update.win32_1.5.0.202011040924/tools/bin/../lib/gcc/arm-none-eabi/9.3.1/thumb/v7e-m+fp/hard/;c:/st/stm32cubeide_1.6.1/stm32cubeide/plugins/com.st.stm32cube.ide.mcu.externaltools.gnu-tools-for-stm32.9-2020-q2-update.win32_1.5.0.202011040924/tools/bin/../lib/gcc/arm-none-eabi/9.3.1/../../../../arm-none-eabi/lib/thumb/v7e-m+fp/hard/;c:/st/stm32cubeide_1.6.1/stm32cubeide/plugins/com.st.stm32cube.ide.mcu.externaltools.gnu-tools-for-stm32.9-2020-q2-update.win32_1.5.0.202011040924/tools/bin/../arm-none-eabi/lib/thumb/v7e-m+fp/hard/;c:/st/stm32cubeide_1.6.1/stm32cubeide/plugins/com.st.stm32cube.ide.mcu.externaltools.gnu-tools-for-stm32.9-2020-q2-update.win32_1.5.0.202011040924/tools/bin/../lib/gcc/arm-none-eabi/9.3.1/;c:/st/stm32cubeide_1.6.1/stm32cubeide/plugins/com.st.stm32cube.ide.mcu.externaltools.gnu-tools-for-stm32.9-2020-q2-update.win32_1.5.0.202011040924/tools/bin/../lib/gcc/;c:/st/stm32cubeide_1.6.1/stm32cubeide/plugins/com.st.stm32cube.ide.mcu.externaltools.gnu-tools-for-stm32.9-2020-q2-update.win32_1.5.0.202011040924/tools/bin/../lib/gcc/arm-none-eabi/9.3.1/../../../../arm-none-eabi/lib/;c:/st/stm32cubeide_1.6.1/stm32cubeide/plugins/com.st.stm32cube.ide.mcu.externaltools.gnu-tools-for-stm32.9-2020-q2-update.win32_1.5.0.202011040924/tools/bin/../arm-none-eabi/lib/
COLLECT_GCC_OPTIONS='-mcpu=cortex-m4' '-std=gnu11' '-g3' '-D' 'DEBUG' '-D' 'ARM_MATH_CM4' '-D' 'STM32F4XX' '-D' 'STM32' '-D' 'STM32F401RETx' '-D' 'STM32F4' '-c' '-I' '../Inc' '-I' 'D:/STM32/STM32_SourceCode/Register Programming/Common_Lib' '-O0' '-ffunction-sections' '-fdata-sections' '-Wall' '-v' '-fstack-usage' '-MMD' '-MP' '-MF' 'Src/syscalls.d' '-MT' 'Src/syscalls.o' '-specs=nano.specs' '-mfpu=fpv4-sp-d16' '-mfloat-abi=hard' '-mthumb' '-o' 'Src/syscalls.o' '-march=armv7e-m+fp'
"make -j4 all" terminated with exit code 2. Build might be incomplete.

21:44:34 Build Failed. 5 errors, 0 warnings. (took 4s.847ms)

